
> atlas-logistics@1.0.0 build C:\Users\xpall\Source\Atlas-Logistics
> pnpm run build:frontend && pnpm run build:backend


> atlas-logistics@1.0.0 build:frontend C:\Users\xpall\Source\Atlas-Logistics
> vite build src/frontend

[36mvite v8.0.16 [32mbuilding client environment for production...[36m[39m
[2Ktransforming...✓ 400 modules transformed.
rendering chunks...
computing gzip size...
src/frontend/dist/index.html                               2.19 kB │ gzip:   0.83 kB
src/frontend/dist/assets/bpmn-sIjfRMkI.woff2              13.02 kB
src/frontend/dist/assets/bpmn-CCmvRa3L.woff               16.00 kB
src/frontend/dist/assets/bpmn-BXGSTQk_.ttf                47.68 kB
src/frontend/dist/assets/bpmn-GG2Gc6GC.eot                47.83 kB
src/frontend/dist/assets/bpmn-CfAG4AR5.svg               133.04 kB │ gzip:  25.67 kB
src/frontend/dist/assets/bpmn-modeler-DOQpmPs5.css        23.16 kB │ gzip:   4.62 kB
src/frontend/dist/assets/event-bus-CZ-QM5p7.js             0.27 kB │ gzip:   0.16 kB
src/frontend/dist/assets/document-generator-CYG4V4bq.js    4.78 kB │ gzip:   1.64 kB
src/frontend/dist/assets/shipment-dashboard-CYfmONlx.js    4.87 kB │ gzip:   1.78 kB
src/frontend/dist/assets/freight-calculator-Dz4KZSgd.js    5.00 kB │ gzip:   1.67 kB
src/frontend/dist/assets/index-Cd1WGaz9.js                 6.15 kB │ gzip:   2.69 kB
src/frontend/dist/assets/bpmn-modeler-Bs49TFt8.js        547.88 kB │ gzip: 157.42 kB

[32m✓ built in 492ms[39m
[33m[plugin builtin:vite-reporter] 
(!) Some chunks are larger than 500 kB after minification. Consider:
- Using dynamic import() to code-split the application
- Use build.rolldownOptions.output.codeSplitting to improve chunking: https://rolldown.rs/reference/OutputOptions.codeSplitting
- Adjust chunk size limit for this warning via build.chunkSizeWarningLimit.[39m

> atlas-logistics@1.0.0 build:backend C:\Users\xpall\Source\Atlas-Logistics
> tsc -p tsconfig.server.json

